<?xml version="1.0" encoding="UTF-8"?>
<testsuite name="QueenTest" tests="2" skipped="0" failures="0" errors="0" timestamp="2024-03-12T18:42:26" hostname="daniil" time="0.001">
  <properties/>
  <testcase name="testIsUnderThreat" classname="QueenTest" time="0.001"/>
  <testcase name="testIsValidPosition" classname="QueenTest" time="0.0"/>
  <system-out><![CDATA[]]></system-out>
  <system-err><![CDATA[]]></system-err>
</testsuite>
